<?xml version="1.0" encoding="UTF-8"?>
<!-- Generated by org.testng.reporters.JUnitReportReporter -->
<testsuite hostname="LAPTOP-C4C8A1FN" failures="0" tests="3" name="testcase.TcOne_LocatorLearning" time="15.454" errors="0" timestamp="2022-07-08T11:49:55 BDT" skipped="0">
  <testcase classname="testcase.TcOne_LocatorLearning" name="LocateThree" time="5.423"/>
  <system-out/>
  <testcase classname="testcase.TcOne_LocatorLearning" name="LocateLearn" time="5.866"/>
  <system-out/>
  <testcase classname="testcase.TcOne_LocatorLearning" name="LocateTwo" time="4.165"/>
  <system-out/>
</testsuite> <!-- testcase.TcOne_LocatorLearning -->
