<?xml version="1.0" encoding="UTF-8"?>
<!-- Generated by org.testng.reporters.JUnitReportReporter -->
<testsuite hostname="LAPTOP-C4C8A1FN" failures="0" tests="1" name="testcase.TcFour" time="7.452" errors="0" timestamp="2022-07-09T07:11:43 BDT" skipped="0">
  <testcase classname="testcase.TcFour" name="Scroll" time="7.452"/>
  <system-out/>
</testsuite> <!-- testcase.TcFour -->
