<?xml version="1.0" encoding="UTF-8"?>
<!-- Generated by org.testng.reporters.JUnitReportReporter -->
<testsuite hostname="LAPTOP-C4C8A1FN" failures="0" tests="1" name="testCaseAndPackageAdvance.TC008" time="27.439" errors="0" timestamp="2022-07-16T18:07:14 BDT" skipped="0">
  <testcase classname="testCaseAndPackageAdvance.TC008" name="ActionSelection" time="27.439"/>
  <system-out/>
</testsuite> <!-- testCaseAndPackageAdvance.TC008 -->
