<?xml version="1.0" encoding="UTF-8"?>
<!-- Generated by org.testng.reporters.JUnitReportReporter -->
<testsuite hostname="LAPTOP-C4C8A1FN" failures="0" tests="1" name="testcase.TcTwo" time="3.212" errors="0" timestamp="2022-07-08T12:24:32 BDT" skipped="0">
  <testcase classname="testcase.TcTwo" name="verifyPageTitle_shouldPass" time="3.212"/>
  <system-out/>
</testsuite> <!-- testcase.TcTwo -->
