<?xml version="1.0" encoding="UTF-8"?>
<!-- Generated by org.testng.reporters.JUnitReportReporter -->
<testsuite hostname="LAPTOP-C4C8A1FN" failures="0" tests="1" name="testCaseAndPackageAdvance.TC009" time="10.309" errors="0" timestamp="2022-07-16T17:51:01 BDT" skipped="0">
  <testcase classname="testCaseAndPackageAdvance.TC009" name="LocateThree" time="10.309"/>
  <system-out/>
</testsuite> <!-- testCaseAndPackageAdvance.TC009 -->
