<?xml version="1.0" encoding="UTF-8"?>
<!-- Generated by org.testng.reporters.JUnitReportReporter -->
<testsuite hostname="LAPTOP-C4C8A1FN" failures="0" tests="1" name="testcase.TcThree" time="15.129" errors="0" timestamp="2022-07-15T15:17:11 BDT" skipped="0">
  <testcase classname="testcase.TcThree" name="checkRadioandBox" time="15.129"/>
  <system-out/>
</testsuite> <!-- testcase.TcThree -->
